<?xml version="1.0" encoding="UTF-8"?>
<!-- Generated by org.testng.reporters.JUnitReportReporter -->
<testsuite hostname="DESKTOP-UO09EH4" failures="0" tests="1" name="org.maya.RestAssuredTest.C4_JiraTest" time="25.996" errors="0" timestamp="2024-04-10T00:40:27 IST" skipped="0">
  <testcase classname="org.maya.RestAssuredTest.C4_JiraTest" name="addIssueandComment" time="25.996"/>
</testsuite> <!-- org.maya.RestAssuredTest.C4_JiraTest -->
