<?xml version="1.0" encoding="UTF-8"?>
<!-- Generated by org.testng.reporters.JUnitReportReporter -->
<testsuite hostname="DESKTOP-UO09EH4" failures="0" tests="1" name="org.maya.RestAssuredTest.C6_Deserialization" time="14.236" errors="0" timestamp="2024-04-11T11:29:27 IST" skipped="0">
  <testcase classname="org.maya.RestAssuredTest.C6_Deserialization" name="getBookData" time="14.236"/>
</testsuite> <!-- org.maya.RestAssuredTest.C6_Deserialization -->
