<?xml version="1.0" encoding="UTF-8"?>
<!-- Generated by org.testng.reporters.JUnitReportReporter -->
<testsuite hostname="DESKTOP-UO09EH4" failures="0" tests="2" name="org.maya.RestAssuredTest.C3_LibrarayTestNG" time="20.636" errors="0" timestamp="2024-04-09T15:27:39 IST" skipped="0">
  <testcase classname="org.maya.RestAssuredTest.C3_LibrarayTestNG" name="AddBook" time="20.079"/>
  <testcase classname="org.maya.RestAssuredTest.C3_LibrarayTestNG" name="AddBook" time="0.557"/>
</testsuite> <!-- org.maya.RestAssuredTest.C3_LibrarayTestNG -->
