<?xml version="1.0" encoding="UTF-8"?>
<!-- Generated by org.testng.reporters.JUnitReportReporter -->
<testsuite hostname="DESKTOP-UO09EH4" failures="0" tests="1" name="org.maya.RestAssuredTest.C9_E2E_Ecom" time="6.534" errors="0" timestamp="2024-04-11T18:19:15 IST" skipped="0">
  <testcase classname="org.maya.RestAssuredTest.C9_E2E_Ecom" name="TestEcom" time="6.534"/>
</testsuite> <!-- org.maya.RestAssuredTest.C9_E2E_Ecom -->
