<?xml version="1.0" encoding="UTF-8"?>
<!-- Generated by org.testng.reporters.JUnitReportReporter -->
<testsuite hostname="DESKTOP-UO09EH4" failures="0" tests="1" name="org.maya.RestAssuredTest.C5_OAuth" time="38.952" errors="0" timestamp="2024-04-11T10:56:26 IST" skipped="0">
  <testcase classname="org.maya.RestAssuredTest.C5_OAuth" name="getBookData" time="38.952"/>
</testsuite> <!-- org.maya.RestAssuredTest.C5_OAuth -->
